1743597765096	geckodriver	INFO	Listening on 127.0.0.1:43795
1743597765245	mozrunner::runner	INFO	Running command: MOZ_CRASHREPORTER="1" MOZ_CRASHREPORTER_NO_REPORT="1" MOZ_CRASHREPORTER_SHUTDOWN="1" "/usr/bin/firefox" "--m ... te" "--remote-debugging-port" "46863" "--remote-allow-hosts" "localhost" "-no-remote" "-profile" "/tmp/rust_mozprofilev5UElJ"
console.warn: services.settings: Ignoring preference override of remote settings server
console.warn: services.settings: Allow by setting MOZ_REMOTE_SETTINGS_DEVTOOLS=1 in the environment
1743597766565	Marionette	INFO	Marionette enabled
1743597766942	Marionette	INFO	Listening on port 39901
Read port: 39901
WebDriver BiDi listening on ws://127.0.0.1:46863
1743597767135	RemoteAgent	WARN	TLS certificate errors will be ignored for this session
console.error: ({})
JavaScript error: https://media.ethicalads.io/media/client/v1.4.0/ethicalads.min.js, line 1: Error: No ad placements found.
JavaScript error: resource:///actors/FormValidationChild.sys.mjs, line 182: TypeError: this._element is null
console.error: "Unable to find target with innerWindowId:10737418241"
console.error: "Unable to find target with innerWindowId:10737418241"
console.error: "Unable to find target with innerWindowId:10737418241"
JavaScript error: https://media.ethicalads.io/media/client/v1.4.0/ethicalads.min.js, line 1: Error: No ad placements found.
JavaScript error: resource:///actors/FormValidationChild.sys.mjs, line 182: TypeError: this._element is null
JavaScript warning: https://www.googletagmanager.com/gtag/js?id=G-TF35YF9CVH, line 178: Script terminated by timeout at:
ib@https://www.googletagmanager.com/gtag/js?id=G-TF35YF9CVH:178:159
XD@https://www.googletagmanager.com/gtag/js?id=G-TF35YF9CVH:639:135
YD/<@https://www.googletagmanager.com/gtag/js?id=G-TF35YF9CVH:639:111
EventListener.handleEvent*xc@https://www.googletagmanager.com/gtag/js?id=G-TF35YF9CVH:195:84
YD@https://www.googletagmanager.com/gtag/js?id=G-TF35YF9CVH:639:86
cE@https://www.googletagmanager.com/gtag/js?id=G-TF35YF9CVH:642:212
hh/c<@https://www.googletagmanager.com/gtag/js?id=G-TF35YF9CVH:300:187
h.invoke@https://www.googletagmanager.com/gtag/js?id=G-TF35YF9CVH:210:361
La@https://www.googletagmanager.com/gtag/js?id=G-TF35YF9CVH:176:927
Ka@https://www.googletagmanager.com/gtag/js?id=G-TF35YF9CVH:176:683
wd@https://www.googletagmanager.com/gtag/js?id=G-TF35YF9CVH:226:319
h.invoke@https://www.googletagmanager.com/gtag/js?id=G-TF35YF9CVH:210:361
La@https://www.googletagmanager.com/gtag/js?id=G-TF35YF9CVH:176:927
Ka@https://www.googletagmanager.com/gtag/js?id=G-TF35YF9CVH:176:683
Yd@https://www.googletagmanager.com/gtag/js?id=G-TF35YF9CVH:237:279
h.invoke@https://www.googletagmanager.com/gtag/js?id=G-TF35YF9CVH:210:361
La@https://www.googletagmanager.com/gtag/js?id=G-TF35YF9CVH:176:927
Ka@https://www.googletagmanager.com/gtag/js?id=G-TF35YF9CVH:176:683
Qd/<@https://www.googletagmanager.com/gtag/js?id=G-TF35YF9CVH:234:468
h.invoke@https://www.googletagmanager.com/gtag/js?id=G-TF35YF9CVH:210:361
La@https://www.googletagmanager.com/gtag/js?id=G-TF35YF9CVH:176:927
h.Tl@https://www.googletagmanager.com/gtag/js?id=G-TF35YF9CVH:176:1442
Je@https://www.googletagmanager.com/gtag/js?id=G-TF35YF9CVH:245:897
pD/<@https://www.googletagmanager.com/gtag/js?id=G-TF35YF9CVH:632:3
If@https://www.googletagmanager.com/gtag/js?id=G-TF35YF9CVH:256:92
e@https://www.googletagmanager.com/gtag/js?id=G-TF35YF9CVH:593:216
uB@https://www.googletagmanager.com/gtag/js?id=G-TF35YF9CVH:594:861
yB@https://www.googletagmanager.com/gtag/js?id=G-TF35YF9CVH:599:121
rC@https://www.googletagmanager.com/gtag/js?id=G-TF35YF9CVH:615:273
uC@https://www.googletagmanager.com/gtag/js?id=G-TF35YF9CVH:618:9
wC@https://www.googletagmanager.com/gtag/js?id=G-TF35YF9CVH:619:44
setTimeout handler*C@https://www.googletagmanager.com/gtag/js?id=G-TF35YF9CVH:195:198
xC@https://www.googletagmanager.com/gtag/js?id=G-TF35YF9CVH:622:413
@https://www.googletagmanager.com/gtag/js?id=G-TF35YF9CVH:869:157
c@https://www.googletagmanager.com/gtag/js?id=G-TF35YF9CVH:865:130
@https://www.googletagmanager.com/gtag/js?id=G-TF35YF9CVH:867:382
@https://www.googletagmanager.com/gtag/js?id=G-TF35YF9CVH:867:387
@https://www.googletagmanager.com/gtag/js?id=G-TF35YF9CVH:873:3

JavaScript error: resource://gre/modules/AsyncShutdown.sys.mjs, line 569: NotFoundError: No such JSProcessActor 'DevToolsProcess'
JavaScript error: resource://gre/modules/AsyncShutdown.sys.mjs, line 569: NotFoundError: No such JSProcessActor 'DevToolsProcess'
JavaScript error: resource://gre/modules/AsyncShutdown.sys.mjs, line 569: NotFoundError: No such JSProcessActor 'DevToolsProcess'
1743597861034	Marionette	INFO	Stopped listening on port 39901
console.error: "Error in worker resource://devtools/client/shared/source-map-loader/worker.js" ": "
